   Compiling cvkg-core v0.2.15 (/D/rex/projects/cvkg/cvkg-core)
warning: unused import: `ExprParen`
 --> cvkg-macros/src/lib.rs:6:24
  |
6 |     DeriveInput, Expr, ExprParen, FnArg, ItemFn, ItemStruct, Pat, Token, braced, parse_macro_input,
  |                        ^^^^^^^^^
  |
  = note: `#[warn(unused_imports)]` (part of `#[warn(unused)]`) on by default

warning: `cvkg-macros` (lib) generated 1 warning (run `cargo fix --lib -p cvkg-macros` to apply 1 suggestion)
warning: unused imports: `Color` and `Never`
 --> cvkg-core/src/shadow.rs:8:13
  |
8 | use crate::{Color, ModifiedView, Never, Rect, Renderer, View, ViewModifier};
  |             ^^^^^                ^^^^^
  |
  = note: `#[warn(unused_imports)]` (part of `#[warn(unused)]`) on by default

warning: unused imports: `Color` and `ViewModifier`
 --> cvkg-core/src/data_table.rs:6:13
  |
6 | use crate::{Color, Never, Rect, Renderer, View, ViewModifier};
  |             ^^^^^                               ^^^^^^^^^^^^

warning: unused variable: `col_idx`
   --> cvkg-core/src/data_table.rs:164:18
    |
164 |             for (col_idx, col) in self.columns.iter().enumerate() {
    |                  ^^^^^^^ help: if this is intentional, prefix it with an underscore: `_col_idx`
    |
    = note: `#[warn(unused_variables)]` (part of `#[warn(unused)]`) on by default

   Compiling cvkg-spatial v0.2.15 (/D/rex/projects/cvkg/cvkg-spatial)
   Compiling cvkg-anim v0.2.15 (/D/rex/projects/cvkg/cvkg-anim)
   Compiling cvkg-compositor v0.2.15 (/D/rex/projects/cvkg/cvkg-compositor)
   Compiling cvkg-scene v0.2.15 (/D/rex/projects/cvkg/cvkg-scene)
warning: `cvkg-core` (lib) generated 3 warnings (run `cargo fix --lib -p cvkg-core` to apply 3 suggestions)
