warning: unused imports: `Color` and `Never`
 --> cvkg-core/src/shadow.rs:8:13
  |
8 | use crate::{Color, ModifiedView, Never, Rect, Renderer, View, ViewModifier};
  |             ^^^^^                ^^^^^
  |
  = note: `#[warn(unused_imports)]` (part of `#[warn(unused)]`) on by default

warning: unused imports: `Color` and `ViewModifier`
 --> cvkg-core/src/data_table.rs:6:13
  |
6 | use crate::{Color, Never, Rect, Renderer, View, ViewModifier};
  |             ^^^^^                               ^^^^^^^^^^^^

warning: unused variable: `col_idx`
   --> cvkg-core/src/data_table.rs:164:18
    |
164 |             for (col_idx, col) in self.columns.iter().enumerate() {
    |                  ^^^^^^^ help: if this is intentional, prefix it with an underscore: `_col_idx`
    |
    = note: `#[warn(unused_variables)]` (part of `#[warn(unused)]`) on by default

warning: `cvkg-core` (lib) generated 3 warnings (run `cargo fix --lib -p cvkg-core` to apply 3 suggestions)
   Compiling cvkg-anim v0.2.15 (/D/rex/projects/cvkg/cvkg-anim)
   Compiling cvkg-scene v0.2.15 (/D/rex/projects/cvkg/cvkg-scene)
   Compiling cvkg-compositor v0.2.15 (/D/rex/projects/cvkg/cvkg-compositor)
warning: unused import: `ExprParen`
 --> cvkg-macros/src/lib.rs:6:24
  |
6 |     DeriveInput, Expr, ExprParen, FnArg, ItemFn, ItemStruct, Pat, Token, braced, parse_macro_input,
  |                        ^^^^^^^^^
  |
  = note: `#[warn(unused_imports)]` (part of `#[warn(unused)]`) on by default

warning: `cvkg-macros` (lib) generated 1 warning (run `cargo fix --lib -p cvkg-macros` to apply 1 suggestion)
   Compiling cvkg-render-gpu v0.2.15 (/D/rex/projects/cvkg/cvkg-render-gpu)
   Compiling cvkg-vdom v0.2.15 (/D/rex/projects/cvkg/cvkg-vdom)
   Compiling cvkg-themes v0.2.15 (/D/rex/projects/cvkg/cvkg-themes)
   Compiling cvkg-layout v0.2.15 (/D/rex/projects/cvkg/cvkg-layout)
   Compiling cvkg-components v0.2.15 (/D/rex/projects/cvkg/cvkg-components)
   Compiling cvkg-render-native v0.2.15 (/D/rex/projects/cvkg/cvkg-render-native)
warning: unused variable: `proposal`
   --> cvkg-components/src/primitive.rs:106:59
    |
106 |     fn intrinsic_size(&self, renderer: &mut dyn Renderer, proposal: SizeProposal) -> Size {
    |                                                           ^^^^^^^^ help: if this is intentional, prefix it with an underscore: `_proposal`
    |
    = note: `#[warn(unused_variables)]` (part of `#[warn(unused)]`) on by default

warning: unused variable: `proposal`
   --> cvkg-components/src/primitive.rs:673:9
    |
673 |         proposal: SizeProposal,
    |         ^^^^^^^^ help: if this is intentional, prefix it with an underscore: `_proposal`

warning: method `is_smooth` is never used
  --> cvkg-components/src/gradient.rs:74:8
   |
48 | impl LinearGradient {
   | ------------------- method in this implementation
...
74 |     fn is_smooth(&self) -> bool {
   |        ^^^^^^^^^
   |
   = note: `#[warn(dead_code)]` (part of `#[warn(unused)]`) on by default

   Compiling cvkg v0.2.15 (/D/rex/projects/cvkg/cvkg)
warning: `cvkg-components` (lib) generated 3 warnings (run `cargo fix --lib -p cvkg-components` to apply 2 suggestions)
   Compiling cvkg-gallery v0.2.15 (/D/rex/projects/cvkg/cvkg-gallery)
    Finished `dev` profile [unoptimized] target(s) in 4.67s
     Running `target/debug/cvkg-gallery`
[2026-06-27T00:54:57.151Z INFO  cvkg_render_native::main_loop] [Native] System theme detected: Dark
[2026-06-27T00:54:57.162Z INFO  cvkg_render_native::audio] [Native] Audio engine initialized (rodio)
[2026-06-27T00:54:57.162Z INFO  cvkg_render_native::main_loop] [Native] App instance (resumed): 0x7ffcff4348a0
DEBUG CENTER: rect=Rect { x: 102.0, y: 310.0, width: 1178.0, height: 100.0 }, child_size=(77.19922, 100), child_rect=Rect { x: 652.4004, y: 310.0, width: 77.19922, height: 100.0 }
[2026-06-27T00:54:57.175Z INFO  cvkg_render_native::window] [Accessibility] AT-SPI backend available (accesskit_unix)
Can't open bumblebee display.
Can't open bumblebee display.
Can't open bumblebee display.
Can't open bumblebee display.
[2026-06-27T00:54:57.267Z ERROR wgpu_hal::vulkan::instance] GENERAL [Loader Message (0x0)]
    	loader_scanned_icd_add: ICD libnv_vulkan_wrapper.so.1 doesn't support interface version compatible with loader, skip this ICD.
[2026-06-27T00:54:57.267Z ERROR wgpu_hal::vulkan::instance] 	objects: (type: INSTANCE, hndl: 0x5599b18d12c0, name: ?)
[2026-06-27T00:54:57.267Z ERROR wgpu_hal::vulkan::instance] GENERAL [Loader Message (0x0)]
    	loader_icd_scan: Failed loading library associated with ICD JSON libnv_vulkan_wrapper.so.1. Ignoring this JSON
[2026-06-27T00:54:57.267Z ERROR wgpu_hal::vulkan::instance] 	objects: (type: INSTANCE, hndl: 0x5599b18d12c0, name: ?)
[2026-06-27T00:54:57.309Z INFO  cvkg_render_gpu::renderer::init] [Surtr] Renderer backend: GpuRenderer (wgpu)
[2026-06-27T00:54:57.309Z INFO  cvkg_render_gpu::renderer::init] [GPU] Requesting HighPerformance adapter...
[2026-06-27T00:54:57.318Z INFO  wgpu_hal::vulkan::adapter] Found 6 cooperative matrix configurations supported by wgpu
[2026-06-27T00:54:57.376Z INFO  cvkg_render_gpu::renderer::init] [GPU] Selected adapter: AMD Radeon 610M (RADV RAPHAEL_MENDOCINO) (IntegratedGpu) on backend: Vulkan -- detected as AMD
[2026-06-27T00:54:57.376Z INFO  cvkg_render_gpu::renderer::init] [GPU] Driver info: radv - Mesa 26.1.2-arch3.1
[2026-06-27T00:54:57.377Z INFO  cvkg_render_gpu::renderer::init] [GPU] Validation layer enabled (debug build)
[2026-06-27T00:54:57.384Z INFO  cvkg_render_gpu::renderer::init] [GPU] Available present modes: [Mailbox, Fifo, Immediate]
[2026-06-27T00:54:57.385Z INFO  cvkg_render_gpu::renderer::init] [GPU] Adapter: AMD Radeon 610M (RADV RAPHAEL_MENDOCINO) (Vulkan)
[2026-06-27T00:54:57.385Z INFO  cvkg_render_gpu::renderer::init] [GPU] Selected: Immediate (no vsync, uncapped)
[2026-06-27T00:54:57.385Z INFO  cvkg_render_gpu::renderer::init] [GPU] Configuring surface: 1600x900 | Immediate | PreMultiplied
[2026-06-27T00:54:57.386Z INFO  cvkg_render_gpu::renderer::init] [GPU] Surface configuration successful.
